
css/style.css
 201:1   ✖  Expected no more than 1 empty line                  max-empty-lines                              
 225:49  ✖  Unexpected missing generic font family              font-family-no-missing-generic-family-keyword
 388:1   ✖  Expected selector ".fig-capt > a" to come before    no-descending-specificity                    
            selector ".li-icons > a:hover"                                                                   
 434:1   ✖  Expected no more than 1 empty line                  max-empty-lines                              
 481:1   ✖  Expected selector ".news-titles > h3 > a" to come   no-descending-specificity                    
            before selector ".li-icons > a:hover"                                                            
 534:1   ✖  Expected selector ".in-title > a" to come before    no-descending-specificity                    
            selector ".li-icons > a:hover"                                                                   
 534:1   ✖  Expected selector ".in-title > a" to come before    no-descending-specificity                    
            selector ".news-titles > h3 > a"                                                                 
 534:1   ✖  Expected selector ".in-title > a" to come before    no-descending-specificity                    
            selector ".news-titles > h3 > a:hover"                                                           
 558:1   ✖  Expected no more than 1 empty line                  max-empty-lines                              
 599:1   ✖  Expected selector ".subscribe-list > li > a:hover"  no-descending-specificity                    
            to come before selector                                                                          
            "section.sections-containers > ul > li > a:hover"                                                
 600:1   ✖  Expected selector "ul.email-language-lists > li >   no-descending-specificity                    
            a:hover" to come before selector                                                                 
            "section.sections-containers > ul > li > a:hover"                                                
 612:1   ✖  Expected selector ".subscribe-list > li > a" to     no-descending-specificity                    
            come before selector ".li-icons > a:hover"                                                       
 612:1   ✖  Expected selector ".subscribe-list > li > a" to     no-descending-specificity                    
            come before selector ".news-titles > h3 > a:hover"                                               
 612:1   ✖  Expected selector ".subscribe-list > li > a" to     no-descending-specificity                    
            come before selector "section.sections-containers                                                
            > ul > li > a:hover"                                                                             
 612:1   ✖  Expected selector ".subscribe-list > li > a" to     no-descending-specificity                    
            come before selector ".subscribe-list > li >                                                     
            a:hover"                                                                                         
 612:1   ✖  Expected selector ".subscribe-list > li > a" to     no-descending-specificity                    
            come before selector "ul.email-language-lists > li                                               
            > a:hover"                                                                                       
 613:1   ✖  Expected selector ".more-in-title > a" to come      no-descending-specificity                    
            before selector ".li-icons > a:hover"                                                            
 613:1   ✖  Expected selector ".more-in-title > a" to come      no-descending-specificity                    
            before selector ".news-titles > h3 > a"                                                          
 613:1   ✖  Expected selector ".more-in-title > a" to come      no-descending-specificity                    
            before selector ".news-titles > h3 > a:hover"                                                    
 613:1   ✖  Expected selector ".more-in-title > a" to come      no-descending-specificity                    
            before selector "section.sections-containers > ul                                                
            > li > a:hover"                                                                                  
 613:1   ✖  Expected selector ".more-in-title > a" to come      no-descending-specificity                    
            before selector ".subscribe-list > li > a:hover"                                                 
 613:1   ✖  Expected selector ".more-in-title > a" to come      no-descending-specificity                    
            before selector "ul.email-language-lists > li >                                                  
            a:hover"                                                                                         
 613:1   ✖  Expected selector ".more-in-title > a" to come      no-descending-specificity                    
            before selector ".subscribe-list > li > a"                                                       
 614:1   ✖  Expected selector "ul.email-language-lists > li >   no-descending-specificity                    
            a" to come before selector ".li-icons > a:hover"                                                 
 614:1   ✖  Expected selector "ul.email-language-lists > li >   no-descending-specificity                    
            a" to come before selector ".news-titles > h3 >                                                  
            a:hover"                                                                                         
 614:1   ✖  Expected selector "ul.email-language-lists > li >   no-descending-specificity                    
            a" to come before selector                                                                       
            "section.sections-containers > ul > li > a:hover"                                                
 614:1   ✖  Expected selector "ul.email-language-lists > li >   no-descending-specificity                    
            a" to come before selector ".subscribe-list > li >                                               
            a:hover"                                                                                         
 614:1   ✖  Expected selector "ul.email-language-lists > li >   no-descending-specificity                    
            a" to come before selector                                                                       
            "ul.email-language-lists > li > a:hover"                                                         
 615:1   ✖  Expected selector "section.sections-containers >    no-descending-specificity                    
            ul > li > a" to come before selector ".li-icons >                                                
            a:hover"                                                                                         
 615:1   ✖  Expected selector "section.sections-containers >    no-descending-specificity                    
            ul > li > a" to come before selector ".news-titles                                               
            > h3 > a:hover"                                                                                  
 615:1   ✖  Expected selector "section.sections-containers >    no-descending-specificity                    
            ul > li > a" to come before selector                                                             
            "section.sections-containers > ul > li > a:hover"                                                
 615:1   ✖  Expected selector "section.sections-containers >    no-descending-specificity                    
            ul > li > a" to come before selector                                                             
            ".subscribe-list > li > a:hover"                                                                 
 615:1   ✖  Expected selector "section.sections-containers >    no-descending-specificity                    
            ul > li > a" to come before selector                                                             
            "ul.email-language-lists > li > a:hover"                                                         
 618:16  ✖  Unexpected missing generic font family              font-family-no-missing-generic-family-keyword
 632:16  ✖  Unexpected missing generic font family              font-family-no-missing-generic-family-keyword
 640:1   ✖  Expected no more than 1 empty line                  max-empty-lines                              
 641:1   ✖  Expected no more than 1 empty line                  max-empty-lines                              
 663:1   ✖  Expected selector ".footer-list > li > a" to come   no-descending-specificity                    
            before selector ".li-icons > a:hover"                                                            
 663:1   ✖  Expected selector ".footer-list > li > a" to come   no-descending-specificity                    
            before selector ".news-titles > h3 > a:hover"                                                    
 663:1   ✖  Expected selector ".footer-list > li > a" to come   no-descending-specificity                    
            before selector "section.sections-containers > ul                                                
            > li > a:hover"                                                                                  
 663:1   ✖  Expected selector ".footer-list > li > a" to come   no-descending-specificity                    
            before selector ".subscribe-list > li > a:hover"                                                 
 663:1   ✖  Expected selector ".footer-list > li > a" to come   no-descending-specificity                    
            before selector "ul.email-language-lists > li >                                                  
            a:hover"                                                                                         
 663:1   ✖  Expected selector ".footer-list > li > a" to come   no-descending-specificity                    
            before selector "ul.email-language-lists > li > a"                                               
 663:1   ✖  Expected selector ".footer-list > li > a" to come   no-descending-specificity                    
            before selector "section.sections-containers > ul                                                
            > li > a"

